<?xml version="1.0" encoding="UTF-8"?>
<testsuite xmlns:xsi="http://www.w3.org/2001/XMLSchema-instance" xsi:noNamespaceSchemaLocation="https://maven.apache.org/surefire/maven-surefire-plugin/xsd/surefire-test-report-3.0.xsd" version="3.0" name="TestSuite" time="9.154" tests="1" errors="0" skipped="0" failures="1">
  <properties>
    <property name="java.specification.version" value="16"/>
    <property name="sun.cpu.isalist" value="amd64"/>
    <property name="sun.jnu.encoding" value="Cp1252"/>
    <property name="java.class.path" value="C:\Users\Gawish\eclipse-workspace\ToDoAppFramework\target\test-classes;C:\Users\Gawish\eclipse-workspace\ToDoAppFramework\target\classes;C:\Users\Gawish\.m2\repository\io\appium\java-client\7.5.1\java-client-7.5.1.jar;C:\Users\Gawish\.m2\repository\org\seleniumhq\selenium\selenium-java\3.141.59\selenium-java-3.141.59.jar;C:\Users\Gawish\.m2\repository\org\seleniumhq\selenium\selenium-chrome-driver\3.141.59\selenium-chrome-driver-3.141.59.jar;C:\Users\Gawish\.m2\repository\org\seleniumhq\selenium\selenium-edge-driver\3.141.59\selenium-edge-driver-3.141.59.jar;C:\Users\Gawish\.m2\repository\org\seleniumhq\selenium\selenium-firefox-driver\3.141.59\selenium-firefox-driver-3.141.59.jar;C:\Users\Gawish\.m2\repository\org\seleniumhq\selenium\selenium-ie-driver\3.141.59\selenium-ie-driver-3.141.59.jar;C:\Users\Gawish\.m2\repository\org\seleniumhq\selenium\selenium-opera-driver\3.141.59\selenium-opera-driver-3.141.59.jar;C:\Users\Gawish\.m2\repository\org\seleniumhq\selenium\selenium-remote-driver\3.141.59\selenium-remote-driver-3.141.59.jar;C:\Users\Gawish\.m2\repository\org\seleniumhq\selenium\selenium-safari-driver\3.141.59\selenium-safari-driver-3.141.59.jar;C:\Users\Gawish\.m2\repository\net\bytebuddy\byte-buddy\1.8.15\byte-buddy-1.8.15.jar;C:\Users\Gawish\.m2\repository\org\apache\commons\commons-exec\1.3\commons-exec-1.3.jar;C:\Users\Gawish\.m2\repository\com\google\guava\guava\25.0-jre\guava-25.0-jre.jar;C:\Users\Gawish\.m2\repository\com\google\code\findbugs\jsr305\1.3.9\jsr305-1.3.9.jar;C:\Users\Gawish\.m2\repository\org\checkerframework\checker-compat-qual\2.0.0\checker-compat-qual-2.0.0.jar;C:\Users\Gawish\.m2\repository\com\google\errorprone\error_prone_annotations\2.1.3\error_prone_annotations-2.1.3.jar;C:\Users\Gawish\.m2\repository\com\google\j2objc\j2objc-annotations\1.1\j2objc-annotations-1.1.jar;C:\Users\Gawish\.m2\repository\org\codehaus\mojo\animal-sniffer-annotations\1.14\animal-sniffer-annotations-1.14.jar;C:\Users\Gawish\.m2\repository\com\squareup\okhttp3\okhttp\3.11.0\okhttp-3.11.0.jar;C:\Users\Gawish\.m2\repository\com\squareup\okio\okio\1.14.0\okio-1.14.0.jar;C:\Users\Gawish\.m2\repository\org\seleniumhq\selenium\selenium-support\3.141.59\selenium-support-3.141.59.jar;C:\Users\Gawish\.m2\repository\org\seleniumhq\selenium\selenium-api\3.141.59\selenium-api-3.141.59.jar;C:\Users\Gawish\.m2\repository\com\google\code\gson\gson\2.8.6\gson-2.8.6.jar;C:\Users\Gawish\.m2\repository\org\apache\httpcomponents\httpclient\4.5.13\httpclient-4.5.13.jar;C:\Users\Gawish\.m2\repository\org\apache\httpcomponents\httpcore\4.4.13\httpcore-4.4.13.jar;C:\Users\Gawish\.m2\repository\commons-logging\commons-logging\1.2\commons-logging-1.2.jar;C:\Users\Gawish\.m2\repository\commons-codec\commons-codec\1.11\commons-codec-1.11.jar;C:\Users\Gawish\.m2\repository\cglib\cglib\3.3.0\cglib-3.3.0.jar;C:\Users\Gawish\.m2\repository\org\ow2\asm\asm\7.1\asm-7.1.jar;C:\Users\Gawish\.m2\repository\commons-validator\commons-validator\1.7\commons-validator-1.7.jar;C:\Users\Gawish\.m2\repository\commons-beanutils\commons-beanutils\1.9.4\commons-beanutils-1.9.4.jar;C:\Users\Gawish\.m2\repository\commons-digester\commons-digester\2.1\commons-digester-2.1.jar;C:\Users\Gawish\.m2\repository\commons-collections\commons-collections\3.2.2\commons-collections-3.2.2.jar;C:\Users\Gawish\.m2\repository\org\apache\commons\commons-lang3\3.12.0\commons-lang3-3.12.0.jar;C:\Users\Gawish\.m2\repository\org\springframework\spring-context\5.3.4\spring-context-5.3.4.jar;C:\Users\Gawish\.m2\repository\org\springframework\spring-aop\5.3.4\spring-aop-5.3.4.jar;C:\Users\Gawish\.m2\repository\org\springframework\spring-beans\5.3.4\spring-beans-5.3.4.jar;C:\Users\Gawish\.m2\repository\org\springframework\spring-core\5.3.4\spring-core-5.3.4.jar;C:\Users\Gawish\.m2\repository\org\springframework\spring-jcl\5.3.4\spring-jcl-5.3.4.jar;C:\Users\Gawish\.m2\repository\org\springframework\spring-expression\5.3.4\spring-expression-5.3.4.jar;C:\Users\Gawish\.m2\repository\org\aspectj\aspectjweaver\1.9.6\aspectjweaver-1.9.6.jar;C:\Users\Gawish\.m2\repository\org\slf4j\slf4j-api\1.7.30\slf4j-api-1.7.30.jar;C:\Users\Gawish\.m2\repository\org\testng\testng\7.4.0\testng-7.4.0.jar;C:\Users\Gawish\.m2\repository\com\beust\jcommander\1.78\jcommander-1.78.jar;C:\Users\Gawish\.m2\repository\org\webjars\jquery\3.5.1\jquery-3.5.1.jar;C:\Users\Gawish\.m2\repository\com\relevantcodes\extentreports\2.41.2\extentreports-2.41.2.jar;C:\Users\Gawish\.m2\repository\org\jsoup\jsoup\1.8.3\jsoup-1.8.3.jar;C:\Users\Gawish\.m2\repository\org\xerial\sqlite-jdbc\3.8.11.1\sqlite-jdbc-3.8.11.1.jar;C:\Users\Gawish\.m2\repository\org\freemarker\freemarker\2.3.23\freemarker-2.3.23.jar;C:\Users\Gawish\.m2\repository\org\mongodb\mongodb-driver\3.0.4\mongodb-driver-3.0.4.jar;C:\Users\Gawish\.m2\repository\org\mongodb\bson\3.0.4\bson-3.0.4.jar;C:\Users\Gawish\.m2\repository\org\mongodb\mongodb-driver-core\3.0.4\mongodb-driver-core-3.0.4.jar;C:\Users\Gawish\.m2\repository\commons-io\commons-io\2.6\commons-io-2.6.jar;"/>
    <property name="java.vm.vendor" value="Oracle Corporation"/>
    <property name="sun.arch.data.model" value="64"/>
    <property name="user.variant" value=""/>
    <property name="java.vendor.url" value="https://java.oracle.com/"/>
    <property name="user.timezone" value="Africa/Cairo"/>
    <property name="os.name" value="Windows 10"/>
    <property name="java.vm.specification.version" value="16"/>
    <property name="sun.java.launcher" value="SUN_STANDARD"/>
    <property name="user.country" value="US"/>
    <property name="sun.boot.library.path" value="C:\Program Files\Java\jdk-16\bin"/>
    <property name="sun.java.command" value="C:\Users\Gawish\AppData\Local\Temp\surefire10825018675230271496\surefirebooter17260017339294495829.jar C:\Users\Gawish\AppData\Local\Temp\surefire10825018675230271496 2021-05-03T14-50-13_186-jvmRun1 surefire1844528940122269809tmp surefire_017820996799683546456tmp"/>
    <property name="jdk.debug" value="release"/>
    <property name="surefire.test.class.path" value="C:\Users\Gawish\eclipse-workspace\ToDoAppFramework\target\test-classes;C:\Users\Gawish\eclipse-workspace\ToDoAppFramework\target\classes;C:\Users\Gawish\.m2\repository\io\appium\java-client\7.5.1\java-client-7.5.1.jar;C:\Users\Gawish\.m2\repository\org\seleniumhq\selenium\selenium-java\3.141.59\selenium-java-3.141.59.jar;C:\Users\Gawish\.m2\repository\org\seleniumhq\selenium\selenium-chrome-driver\3.141.59\selenium-chrome-driver-3.141.59.jar;C:\Users\Gawish\.m2\repository\org\seleniumhq\selenium\selenium-edge-driver\3.141.59\selenium-edge-driver-3.141.59.jar;C:\Users\Gawish\.m2\repository\org\seleniumhq\selenium\selenium-firefox-driver\3.141.59\selenium-firefox-driver-3.141.59.jar;C:\Users\Gawish\.m2\repository\org\seleniumhq\selenium\selenium-ie-driver\3.141.59\selenium-ie-driver-3.141.59.jar;C:\Users\Gawish\.m2\repository\org\seleniumhq\selenium\selenium-opera-driver\3.141.59\selenium-opera-driver-3.141.59.jar;C:\Users\Gawish\.m2\repository\org\seleniumhq\selenium\selenium-remote-driver\3.141.59\selenium-remote-driver-3.141.59.jar;C:\Users\Gawish\.m2\repository\org\seleniumhq\selenium\selenium-safari-driver\3.141.59\selenium-safari-driver-3.141.59.jar;C:\Users\Gawish\.m2\repository\net\bytebuddy\byte-buddy\1.8.15\byte-buddy-1.8.15.jar;C:\Users\Gawish\.m2\repository\org\apache\commons\commons-exec\1.3\commons-exec-1.3.jar;C:\Users\Gawish\.m2\repository\com\google\guava\guava\25.0-jre\guava-25.0-jre.jar;C:\Users\Gawish\.m2\repository\com\google\code\findbugs\jsr305\1.3.9\jsr305-1.3.9.jar;C:\Users\Gawish\.m2\repository\org\checkerframework\checker-compat-qual\2.0.0\checker-compat-qual-2.0.0.jar;C:\Users\Gawish\.m2\repository\com\google\errorprone\error_prone_annotations\2.1.3\error_prone_annotations-2.1.3.jar;C:\Users\Gawish\.m2\repository\com\google\j2objc\j2objc-annotations\1.1\j2objc-annotations-1.1.jar;C:\Users\Gawish\.m2\repository\org\codehaus\mojo\animal-sniffer-annotations\1.14\animal-sniffer-annotations-1.14.jar;C:\Users\Gawish\.m2\repository\com\squareup\okhttp3\okhttp\3.11.0\okhttp-3.11.0.jar;C:\Users\Gawish\.m2\repository\com\squareup\okio\okio\1.14.0\okio-1.14.0.jar;C:\Users\Gawish\.m2\repository\org\seleniumhq\selenium\selenium-support\3.141.59\selenium-support-3.141.59.jar;C:\Users\Gawish\.m2\repository\org\seleniumhq\selenium\selenium-api\3.141.59\selenium-api-3.141.59.jar;C:\Users\Gawish\.m2\repository\com\google\code\gson\gson\2.8.6\gson-2.8.6.jar;C:\Users\Gawish\.m2\repository\org\apache\httpcomponents\httpclient\4.5.13\httpclient-4.5.13.jar;C:\Users\Gawish\.m2\repository\org\apache\httpcomponents\httpcore\4.4.13\httpcore-4.4.13.jar;C:\Users\Gawish\.m2\repository\commons-logging\commons-logging\1.2\commons-logging-1.2.jar;C:\Users\Gawish\.m2\repository\commons-codec\commons-codec\1.11\commons-codec-1.11.jar;C:\Users\Gawish\.m2\repository\cglib\cglib\3.3.0\cglib-3.3.0.jar;C:\Users\Gawish\.m2\repository\org\ow2\asm\asm\7.1\asm-7.1.jar;C:\Users\Gawish\.m2\repository\commons-validator\commons-validator\1.7\commons-validator-1.7.jar;C:\Users\Gawish\.m2\repository\commons-beanutils\commons-beanutils\1.9.4\commons-beanutils-1.9.4.jar;C:\Users\Gawish\.m2\repository\commons-digester\commons-digester\2.1\commons-digester-2.1.jar;C:\Users\Gawish\.m2\repository\commons-collections\commons-collections\3.2.2\commons-collections-3.2.2.jar;C:\Users\Gawish\.m2\repository\org\apache\commons\commons-lang3\3.12.0\commons-lang3-3.12.0.jar;C:\Users\Gawish\.m2\repository\org\springframework\spring-context\5.3.4\spring-context-5.3.4.jar;C:\Users\Gawish\.m2\repository\org\springframework\spring-aop\5.3.4\spring-aop-5.3.4.jar;C:\Users\Gawish\.m2\repository\org\springframework\spring-beans\5.3.4\spring-beans-5.3.4.jar;C:\Users\Gawish\.m2\repository\org\springframework\spring-core\5.3.4\spring-core-5.3.4.jar;C:\Users\Gawish\.m2\repository\org\springframework\spring-jcl\5.3.4\spring-jcl-5.3.4.jar;C:\Users\Gawish\.m2\repository\org\springframework\spring-expression\5.3.4\spring-expression-5.3.4.jar;C:\Users\Gawish\.m2\repository\org\aspectj\aspectjweaver\1.9.6\aspectjweaver-1.9.6.jar;C:\Users\Gawish\.m2\repository\org\slf4j\slf4j-api\1.7.30\slf4j-api-1.7.30.jar;C:\Users\Gawish\.m2\repository\org\testng\testng\7.4.0\testng-7.4.0.jar;C:\Users\Gawish\.m2\repository\com\beust\jcommander\1.78\jcommander-1.78.jar;C:\Users\Gawish\.m2\repository\org\webjars\jquery\3.5.1\jquery-3.5.1.jar;C:\Users\Gawish\.m2\repository\com\relevantcodes\extentreports\2.41.2\extentreports-2.41.2.jar;C:\Users\Gawish\.m2\repository\org\jsoup\jsoup\1.8.3\jsoup-1.8.3.jar;C:\Users\Gawish\.m2\repository\org\xerial\sqlite-jdbc\3.8.11.1\sqlite-jdbc-3.8.11.1.jar;C:\Users\Gawish\.m2\repository\org\freemarker\freemarker\2.3.23\freemarker-2.3.23.jar;C:\Users\Gawish\.m2\repository\org\mongodb\mongodb-driver\3.0.4\mongodb-driver-3.0.4.jar;C:\Users\Gawish\.m2\repository\org\mongodb\bson\3.0.4\bson-3.0.4.jar;C:\Users\Gawish\.m2\repository\org\mongodb\mongodb-driver-core\3.0.4\mongodb-driver-core-3.0.4.jar;C:\Users\Gawish\.m2\repository\commons-io\commons-io\2.6\commons-io-2.6.jar;"/>
    <property name="sun.cpu.endian" value="little"/>
    <property name="user.home" value="C:\Users\Gawish"/>
    <property name="user.language" value="en"/>
    <property name="java.specification.vendor" value="Oracle Corporation"/>
    <property name="java.version.date" value="2021-03-16"/>
    <property name="java.home" value="C:\Program Files\Java\jdk-16"/>
    <property name="file.separator" value="\"/>
    <property name="basedir" value="C:\Users\Gawish\eclipse-workspace\ToDoAppFramework"/>
    <property name="java.vm.compressedOopsMode" value="32-bit"/>
    <property name="line.separator" value="&#10;"/>
    <property name="java.vm.specification.vendor" value="Oracle Corporation"/>
    <property name="java.specification.name" value="Java Platform API Specification"/>
    <property name="surefire.real.class.path" value="C:\Users\Gawish\AppData\Local\Temp\surefire10825018675230271496\surefirebooter17260017339294495829.jar"/>
    <property name="user.script" value=""/>
    <property name="sun.management.compiler" value="HotSpot 64-Bit Tiered Compilers"/>
    <property name="java.runtime.version" value="16+36-2231"/>
    <property name="user.name" value="Gawish"/>
    <property name="path.separator" value=";"/>
    <property name="os.version" value="10.0"/>
    <property name="java.runtime.name" value="Java(TM) SE Runtime Environment"/>
    <property name="file.encoding" value="Cp1252"/>
    <property name="java.vm.name" value="Java HotSpot(TM) 64-Bit Server VM"/>
    <property name="localRepository" value="C:\Users\Gawish\.m2\repository"/>
    <property name="java.vendor.url.bug" value="https://bugreport.java.com/bugreport/"/>
    <property name="java.io.tmpdir" value="C:\Users\Gawish\AppData\Local\Temp\"/>
    <property name="java.version" value="16"/>
    <property name="user.dir" value="C:\Users\Gawish\eclipse-workspace\ToDoAppFramework"/>
    <property name="os.arch" value="amd64"/>
    <property name="java.vm.specification.name" value="Java Virtual Machine Specification"/>
    <property name="sun.os.patch.level" value=""/>
    <property name="java.library.path" value="C:\Program Files\Java\jdk-16\bin;C:\Windows\Sun\Java\bin;C:\Windows\system32;C:\Windows;C:\Program Files\Common Files\Oracle\Java\javapath;C:\Program Files (x86)\Common Files\Oracle\Java\javapath;C:\Windows\system32;C:\Windows;C:\Windows\System32\Wbem;C:\Windows\System32\WindowsPowerShell\v1.0\;C:\Windows\System32\OpenSSH\;C:\Users\Gawish\Downloads\apache-maven-3.6.3-bin\apache-maven-3.6.3\bin;C:\Program Files\Git\cmd;C:\Users\Gawish\IdeaProjects\allure-2.13.8\allure-2.13.8\bin;C:\Program Files\Java\jdk-16\bin;C:\Users\Gawish\IdeaProjects\gradle-7.0\bin;C:\Program Files\nodejs\;C:\ProgramData\chocolatey\bin;C:\Users\Gawish\AppData\Local\Android\Sdk\platform-tools;C:\Program Files\nodejs\node_modules\npm\bin;C:\Users\Gawish\IdeaProjects\grep-2.5.4-bin\bin;C:\Users\Gawish\AppData\Local\Android\Sdk\tools\bin;C:\Users\Gawish\AppData\Local\Microsoft\WindowsApps;C:\Users\Gawish\AppData\Roaming\npm;C:\Users\Gawish\AppData\Local\Programs\Microsoft VS Code\bin;."/>
    <property name="java.vm.info" value="mixed mode, sharing"/>
    <property name="java.vendor" value="Oracle Corporation"/>
    <property name="java.vm.version" value="16+36-2231"/>
    <property name="sun.io.unicode.encoding" value="UnicodeLittle"/>
    <property name="java.class.version" value="60.0"/>
  </properties>
  <testcase name="loiginTestCase" classname="com.qacart.testCases.LoginTest" time="0.47">
    <failure message="java.lang.NoSuchMethodException: jdk.proxy2.$Proxy10.proxyClassLookup()" type="java.lang.RuntimeException"><![CDATA[java.lang.RuntimeException: java.lang.NoSuchMethodException: jdk.proxy2.$Proxy10.proxyClassLookup()
	at com.qacart.testCases.LoginTest.loiginTestCase(LoginTest.java:15)
Caused by: java.lang.NoSuchMethodException: jdk.proxy2.$Proxy10.proxyClassLookup()
	at com.qacart.testCases.LoginTest.loiginTestCase(LoginTest.java:15)
]]></failure>
    <system-out><![CDATA[java.lang.RuntimeException: java.lang.NoSuchMethodException: jdk.proxy2.$Proxy10.proxyClassLookup()
	at io.appium.java_client.pagefactory.bys.builder.AppiumByBuilder.prepareAnnotationMethods(AppiumByBuilder.java:85)
	at io.appium.java_client.pagefactory.bys.builder.AppiumByBuilder.getFilledValue(AppiumByBuilder.java:92)
	at io.appium.java_client.pagefactory.bys.builder.AppiumByBuilder.createBy(AppiumByBuilder.java:148)
	at io.appium.java_client.pagefactory.DefaultElementByBuilder.getBys(DefaultElementByBuilder.java:133)
	at io.appium.java_client.pagefactory.DefaultElementByBuilder.buildMobileNativeBy(DefaultElementByBuilder.java:170)
	at io.appium.java_client.pagefactory.DefaultElementByBuilder.buildBy(DefaultElementByBuilder.java:204)
	at io.appium.java_client.pagefactory.AppiumElementLocatorFactory.createLocator(AppiumElementLocatorFactory.java:66)
	at io.appium.java_client.pagefactory.AppiumElementLocatorFactory.createLocator(AppiumElementLocatorFactory.java:53)
	at io.appium.java_client.pagefactory.AppiumElementLocatorFactory.createLocator(AppiumElementLocatorFactory.java:1)
	at org.openqa.selenium.support.pagefactory.DefaultFieldDecorator.decorate(DefaultFieldDecorator.java:56)
	at io.appium.java_client.pagefactory.AppiumFieldDecorator.decorate(AppiumFieldDecorator.java:154)
	at org.openqa.selenium.support.PageFactory.proxyFields(PageFactory.java:113)
	at org.openqa.selenium.support.PageFactory.initElements(PageFactory.java:105)
	at com.qacart.screens.ScreenBase.<init>(ScreenBase.java:15)
	at com.qacart.screens.LoginBase.<init>(LoginBase.java:11)
	at com.qacart.testCases.LoginTest.loiginTestCase(LoginTest.java:15)
	at java.base/jdk.internal.reflect.NativeMethodAccessorImpl.invoke0(Native Method)
	at java.base/jdk.internal.reflect.NativeMethodAccessorImpl.invoke(NativeMethodAccessorImpl.java:78)
	at java.base/jdk.internal.reflect.DelegatingMethodAccessorImpl.invoke(DelegatingMethodAccessorImpl.java:43)
	at java.base/java.lang.reflect.Method.invoke(Method.java:567)
	at org.testng.internal.MethodInvocationHelper.invokeMethod(MethodInvocationHelper.java:133)
	at org.testng.internal.TestInvoker.invokeMethod(TestInvoker.java:598)
	at org.testng.internal.TestInvoker.invokeTestMethod(TestInvoker.java:173)
	at org.testng.internal.MethodRunner.runInSequence(MethodRunner.java:46)
	at org.testng.internal.TestInvoker$MethodInvocationAgent.invoke(TestInvoker.java:824)
	at org.testng.internal.TestInvoker.invokeTestMethods(TestInvoker.java:146)
	at org.testng.internal.TestMethodWorker.invokeTestMethods(TestMethodWorker.java:146)
	at org.testng.internal.TestMethodWorker.run(TestMethodWorker.java:128)
	at java.base/java.util.ArrayList.forEach(ArrayList.java:1511)
	at org.testng.TestRunner.privateRun(TestRunner.java:794)
	at org.testng.TestRunner.run(TestRunner.java:596)
	at org.testng.SuiteRunner.runTest(SuiteRunner.java:377)
	at org.testng.SuiteRunner.runSequentially(SuiteRunner.java:371)
	at org.testng.SuiteRunner.privateRun(SuiteRunner.java:332)
	at org.testng.SuiteRunner.run(SuiteRunner.java:276)
	at org.testng.SuiteRunnerWorker.runSuite(SuiteRunnerWorker.java:53)
	at org.testng.SuiteRunnerWorker.run(SuiteRunnerWorker.java:96)
	at org.testng.TestNG.runSuitesSequentially(TestNG.java:1212)
	at org.testng.TestNG.runSuitesLocally(TestNG.java:1134)
	at org.testng.TestNG.runSuites(TestNG.java:1063)
	at org.testng.TestNG.run(TestNG.java:1031)
	at org.apache.maven.surefire.testng.TestNGExecutor.run(TestNGExecutor.java:284)
	at org.apache.maven.surefire.testng.TestNGXmlTestSuite.execute(TestNGXmlTestSuite.java:75)
	at org.apache.maven.surefire.testng.TestNGProvider.invoke(TestNGProvider.java:119)
	at org.apache.maven.surefire.booter.ForkedBooter.runSuitesInProcess(ForkedBooter.java:428)
	at org.apache.maven.surefire.booter.ForkedBooter.execute(ForkedBooter.java:162)
	at org.apache.maven.surefire.booter.ForkedBooter.run(ForkedBooter.java:562)
	at org.apache.maven.surefire.booter.ForkedBooter.main(ForkedBooter.java:548)
Caused by: java.lang.NoSuchMethodException: jdk.proxy2.$Proxy10.proxyClassLookup()
	at java.base/java.lang.Class.getMethod(Class.java:2195)
	at io.appium.java_client.pagefactory.bys.builder.AppiumByBuilder.prepareAnnotationMethods(AppiumByBuilder.java:83)
	... 47 more

]]></system-out>
    <system-err><![CDATA[May 03, 2021 2:50:21 PM io.appium.java_client.remote.AppiumCommandExecutor$1 lambda$0
INFO: Detected dialect: W3C
]]></system-err>
  </testcase>
</testsuite>