<?xml version="1.0" encoding="UTF-8"?>
<!-- Generated by org.testng.reporters.JUnitReportReporter -->
<testsuite hostname="DESKTOP-T5IFU01" failures="0" tests="1" name="com.qacart.testCases.LoginTest" time="4.528" errors="0" timestamp="2021-05-03T14:56:10 EET" skipped="0">
  <testcase classname="com.qacart.testCases.LoginTest" name="loiginTestCase" time="4.528"/>
  <system-out/>
</testsuite> <!-- com.qacart.testCases.LoginTest -->
