<?xml version="1.0" encoding="UTF-8"?>
<!-- Generated by org.testng.reporters.JUnitReportReporter -->
<testsuite hostname="DESKTOP-T5IFU01" failures="0" tests="1" name="com.qacart.base.Base" time="7.218" errors="0" timestamp="2021-05-02T13:54:52 EET" skipped="0">
  <testcase classname="com.qacart.base.Base" name="beforeClass" time="7.218"/>
  <system-out/>
</testsuite> <!-- com.qacart.base.Base -->
